2017-02-07 5:33:45 - PHP Warning:  unlink(/home/streetmodaopt/public_html/system/storage/cache/cache.language.1486394829): No such file or directory in /home/streetmodaopt/public_html/system/library/cache/file.php on line 17
2017-02-07 5:33:45 - PHP Warning:  session_start(): Cannot send session cookie - headers already sent by (output started at /home/streetmodaopt/public_html/index.php:99) in /home/streetmodaopt/public_html/system/library/session.php on line 21
2017-02-07 5:33:45 - PHP Warning:  session_start(): Cannot send session cache limiter - headers already sent (output started at /home/streetmodaopt/public_html/index.php:99) in /home/streetmodaopt/public_html/system/library/session.php on line 21
2017-02-07 5:33:45 - PHP Warning:  Cannot modify header information - headers already sent by (output started at /home/streetmodaopt/public_html/index.php:99) in /home/streetmodaopt/public_html/index.php on line 186
2017-02-07 5:33:45 - PHP Warning:  Cannot modify header information - headers already sent by (output started at /home/streetmodaopt/public_html/index.php:99) in /home/streetmodaopt/public_html/system/library/currency.php on line 45
2017-02-07 5:33:46 - PHP Warning:  unlink(/home/streetmodaopt/public_html/system/storage/cache/cache.category.seopath.1486449226): No such file or directory in /home/streetmodaopt/public_html/system/library/cache/file.php on line 68
2017-02-07 13:28:31 - PHP Warning:  unlink(/home/streetmodaopt/public_html/system/storage/cache/cache.category.seopath.1486461298): No such file or directory in /home/streetmodaopt/public_html/system/library/cache/file.php on line 17
2017-02-07 13:28:31 - PHP Warning:  unlink(/home/streetmodaopt/public_html/system/storage/cache/cache.language.1486461298): No such file or directory in /home/streetmodaopt/public_html/system/library/cache/file.php on line 17
2017-02-07 13:28:31 - PHP Warning:  session_start(): Cannot send session cookie - headers already sent by (output started at /home/streetmodaopt/public_html/index.php:99) in /home/streetmodaopt/public_html/system/library/session.php on line 21
2017-02-07 13:28:31 - PHP Warning:  session_start(): Cannot send session cookie - headers already sent by (output started at /home/streetmodaopt/public_html/index.php:99) in /home/streetmodaopt/public_html/system/library/session.php on line 21
2017-02-07 13:28:31 - PHP Warning:  session_start(): Cannot send session cache limiter - headers already sent (output started at /home/streetmodaopt/public_html/index.php:99) in /home/streetmodaopt/public_html/system/library/session.php on line 21
2017-02-07 13:28:31 - PHP Warning:  session_start(): Cannot send session cache limiter - headers already sent (output started at /home/streetmodaopt/public_html/index.php:99) in /home/streetmodaopt/public_html/system/library/session.php on line 21
2017-02-07 13:28:31 - PHP Warning:  Cannot modify header information - headers already sent by (output started at /home/streetmodaopt/public_html/index.php:99) in /home/streetmodaopt/public_html/index.php on line 186
2017-02-07 13:28:31 - PHP Warning:  Cannot modify header information - headers already sent by (output started at /home/streetmodaopt/public_html/index.php:99) in /home/streetmodaopt/public_html/index.php on line 186
2017-02-07 13:28:31 - PHP Warning:  Cannot modify header information - headers already sent by (output started at /home/streetmodaopt/public_html/index.php:99) in /home/streetmodaopt/public_html/system/library/currency.php on line 45
2017-02-07 13:28:31 - PHP Warning:  Cannot modify header information - headers already sent by (output started at /home/streetmodaopt/public_html/index.php:99) in /home/streetmodaopt/public_html/system/library/currency.php on line 45
2017-02-27 16:18:33 - PHP Notice:  Undefined variable: req in /home/streetmodaopt/public_html/catalog/controller/product/category.php on line 279
2017-02-27 16:19:22 - PHP Notice:  Undefined variable: req in /home/streetmodaopt/public_html/catalog/controller/product/category.php on line 279
2017-02-27 16:23:25 - PHP Notice:  Undefined variable: req in /home/streetmodaopt/public_html/catalog/controller/product/category.php on line 279
2017-02-27 16:23:30 - PHP Notice:  Undefined variable: req in /home/streetmodaopt/public_html/catalog/controller/product/category.php on line 279
2017-02-27 16:23:36 - PHP Notice:  Undefined variable: req in /home/streetmodaopt/public_html/catalog/controller/product/category.php on line 279
2017-02-27 16:23:50 - PHP Notice:  Undefined variable: req in /home/streetmodaopt/public_html/catalog/controller/product/category.php on line 279
2017-02-28 11:18:42 - PHP Notice:  Undefined variable: req in /home/streetmodaopt/public_html/catalog/controller/product/category.php on line 279
2017-02-28 11:18:49 - PHP Notice:  Undefined variable: req in /home/streetmodaopt/public_html/catalog/controller/product/category.php on line 279
2017-02-28 11:18:49 - PHP Notice:  Undefined variable: req in /home/streetmodaopt/public_html/catalog/controller/product/category.php on line 279
2017-02-28 11:18:53 - PHP Notice:  Undefined variable: req in /home/streetmodaopt/public_html/catalog/controller/product/category.php on line 279
2017-02-28 11:20:31 - PHP Notice:  Undefined variable: req in /home/streetmodaopt/public_html/catalog/controller/product/category.php on line 279
2017-02-28 11:20:34 - PHP Notice:  Undefined variable: req in /home/streetmodaopt/public_html/catalog/controller/product/category.php on line 279
2017-02-28 11:23:48 - PHP Notice:  Undefined variable: req in /home/streetmodaopt/public_html/catalog/controller/product/category.php on line 279
2017-02-28 11:23:57 - PHP Notice:  Undefined variable: req in /home/streetmodaopt/public_html/catalog/controller/product/category.php on line 279
2017-02-28 11:26:52 - PHP Notice:  Undefined variable: req in /home/streetmodaopt/public_html/catalog/controller/product/category.php on line 281
2017-02-28 11:26:53 - PHP Notice:  Undefined variable: req in /home/streetmodaopt/public_html/catalog/controller/product/category.php on line 281
2017-02-28 11:27:11 - PHP Notice:  Undefined variable: req in /home/streetmodaopt/public_html/catalog/controller/product/category.php on line 281
2017-02-28 11:27:11 - PHP Notice:  Undefined variable: req in /home/streetmodaopt/public_html/catalog/controller/product/category.php on line 281
2017-02-28 11:27:11 - PHP Notice:  Undefined variable: req in /home/streetmodaopt/public_html/catalog/controller/product/category.php on line 281
2017-02-28 11:27:34 - PHP Notice:  Undefined variable: req in /home/streetmodaopt/public_html/catalog/controller/product/category.php on line 279
2017-02-28 11:28:59 - PHP Notice:  Undefined variable: req in /home/streetmodaopt/public_html/catalog/controller/product/category.php on line 279
2017-02-28 11:29:08 - PHP Notice:  Undefined variable: req in /home/streetmodaopt/public_html/catalog/controller/product/category.php on line 279
2017-02-28 11:29:27 - PHP Notice:  Undefined variable: req in /home/streetmodaopt/public_html/catalog/controller/product/category.php on line 279
2017-02-28 11:31:24 - PHP Notice:  Undefined variable: req in /home/streetmodaopt/public_html/catalog/controller/product/category.php on line 283
2017-02-28 11:31:42 - PHP Notice:  Undefined variable: req in /home/streetmodaopt/public_html/catalog/controller/product/category.php on line 283
2017-02-28 11:32:07 - PHP Notice:  Undefined variable: req in /home/streetmodaopt/public_html/catalog/controller/product/category.php on line 283
2017-02-28 11:32:58 - PHP Notice:  Undefined variable: req in /home/streetmodaopt/public_html/catalog/controller/product/category.php on line 284
2017-02-28 11:33:47 - PHP Notice:  Undefined variable: req in /home/streetmodaopt/public_html/catalog/controller/product/category.php on line 279
2017-02-28 11:36:22 - PHP Notice:  Undefined variable: req in /home/streetmodaopt/public_html/catalog/controller/product/category.php on line 267
2017-02-28 11:36:22 - PHP Notice:  Undefined variable: req in /home/streetmodaopt/public_html/catalog/controller/product/category.php on line 283
2017-02-28 11:36:22 - PHP Notice:  Undefined variable: req in /home/streetmodaopt/public_html/catalog/controller/product/category.php on line 267
2017-02-28 11:36:22 - PHP Notice:  Undefined variable: req in /home/streetmodaopt/public_html/catalog/controller/product/category.php on line 283
2017-02-28 11:36:22 - PHP Notice:  Undefined variable: req in /home/streetmodaopt/public_html/catalog/controller/product/category.php on line 267
2017-02-28 11:36:22 - PHP Notice:  Undefined variable: req in /home/streetmodaopt/public_html/catalog/controller/product/category.php on line 283
2017-02-28 11:36:25 - PHP Notice:  Undefined variable: req in /home/streetmodaopt/public_html/catalog/controller/product/category.php on line 267
2017-02-28 11:36:25 - PHP Notice:  Undefined variable: req in /home/streetmodaopt/public_html/catalog/controller/product/category.php on line 283
2017-02-28 11:36:25 - PHP Notice:  Undefined variable: req in /home/streetmodaopt/public_html/catalog/controller/product/category.php on line 267
2017-02-28 11:36:25 - PHP Notice:  Undefined variable: req in /home/streetmodaopt/public_html/catalog/controller/product/category.php on line 283
2017-02-28 11:36:25 - PHP Notice:  Undefined variable: req in /home/streetmodaopt/public_html/catalog/controller/product/category.php on line 267
2017-02-28 11:36:25 - PHP Notice:  Undefined variable: req in /home/streetmodaopt/public_html/catalog/controller/product/category.php on line 283
2017-02-28 11:37:15 - PHP Notice:  Undefined variable: req in /home/streetmodaopt/public_html/catalog/controller/product/category.php on line 269
2017-02-28 11:37:15 - PHP Notice:  Undefined variable: req in /home/streetmodaopt/public_html/catalog/controller/product/category.php on line 285
2017-02-28 11:37:22 - PHP Notice:  Undefined variable: req in /home/streetmodaopt/public_html/catalog/controller/product/category.php on line 269
2017-02-28 11:37:22 - PHP Notice:  Undefined variable: req in /home/streetmodaopt/public_html/catalog/controller/product/category.php on line 285
2017-02-28 11:40:12 - PHP Notice:  Undefined index: req in /home/streetmodaopt/public_html/catalog/view/theme/streetmoda/template/product/category.tpl on line 84
2017-02-28 11:40:48 - PHP Notice:  Undefined variable: req in /home/streetmodaopt/public_html/catalog/controller/product/category.php on line 277
2017-02-28 11:40:52 - PHP Notice:  Undefined variable: req in /home/streetmodaopt/public_html/catalog/controller/product/category.php on line 277
2017-02-28 11:44:01 - PHP Notice:  Undefined variable: req in /home/streetmodaopt/public_html/catalog/controller/product/category.php on line 283
2017-02-28 11:54:43 - PHP Warning:  array_search() expects parameter 2 to be array, boolean given in /home/streetmodaopt/public_html/catalog/view/theme/streetmoda/template/product/category.tpl on line 86
2017-02-28 11:54:43 - PHP Warning:  array_search() expects parameter 2 to be array, boolean given in /home/streetmodaopt/public_html/catalog/view/theme/streetmoda/template/product/category.tpl on line 86
2017-02-28 11:59:35 - PHP Notice:  Undefined variable: image in /home/streetmodaopt/public_html/catalog/view/theme/streetmoda/template/product/product.tpl on line 29
2017-02-28 11:59:35 - PHP Notice:  Undefined variable: image in /home/streetmodaopt/public_html/catalog/view/theme/streetmoda/template/product/product.tpl on line 29
2017-02-28 11:59:40 - PHP Notice:  Undefined variable: image in /home/streetmodaopt/public_html/catalog/view/theme/streetmoda/template/product/product.tpl on line 29
2017-02-28 11:59:40 - PHP Notice:  Undefined variable: image in /home/streetmodaopt/public_html/catalog/view/theme/streetmoda/template/product/product.tpl on line 29
2017-02-28 11:59:55 - PHP Notice:  Undefined variable: image in /home/streetmodaopt/public_html/catalog/view/theme/streetmoda/template/product/product.tpl on line 29
2017-02-28 11:59:55 - PHP Notice:  Undefined variable: image in /home/streetmodaopt/public_html/catalog/view/theme/streetmoda/template/product/product.tpl on line 29
2017-02-28 12:00:28 - PHP Notice:  Undefined variable: image in /home/streetmodaopt/public_html/catalog/view/theme/streetmoda/template/product/product.tpl on line 28
2017-02-28 12:00:28 - PHP Notice:  Undefined variable: image in /home/streetmodaopt/public_html/catalog/view/theme/streetmoda/template/product/product.tpl on line 28
2017-02-28 12:00:34 - PHP Notice:  Undefined variable: image in /home/streetmodaopt/public_html/catalog/view/theme/streetmoda/template/product/product.tpl on line 28
2017-02-28 12:00:34 - PHP Notice:  Undefined variable: image in /home/streetmodaopt/public_html/catalog/view/theme/streetmoda/template/product/product.tpl on line 28
2017-02-28 12:02:01 - PHP Warning:  array_search() expects parameter 2 to be array, boolean given in /home/streetmodaopt/public_html/catalog/view/theme/streetmoda/template/product/category.tpl on line 86
2017-02-28 12:02:01 - PHP Warning:  array_search() expects parameter 2 to be array, boolean given in /home/streetmodaopt/public_html/catalog/view/theme/streetmoda/template/product/category.tpl on line 86
2017-02-28 12:35:36 - PHP Notice:  Undefined variable: current_language in /home/streetmodaopt/public_html/admin/view/template/module/imagemanager.tpl on line 33
2017-02-28 12:35:36 - PHP Notice:  Undefined variable: current_language in /home/streetmodaopt/public_html/admin/view/template/module/imagemanager.tpl on line 33
2017-02-28 12:35:36 - PHP Notice:  Undefined variable: current_language in /home/streetmodaopt/public_html/admin/view/template/module/imagemanager.tpl on line 33
2017-02-28 12:35:36 - PHP Notice:  Undefined variable: current_language in /home/streetmodaopt/public_html/admin/view/template/module/imagemanager.tpl on line 33
2017-02-28 12:35:36 - PHP Notice:  Undefined variable: current_language in /home/streetmodaopt/public_html/admin/view/template/module/imagemanager.tpl on line 33
2017-02-28 12:35:36 - PHP Notice:  Undefined variable: current_language in /home/streetmodaopt/public_html/admin/view/template/module/imagemanager.tpl on line 33
2017-02-28 12:35:36 - PHP Notice:  Undefined variable: current_language in /home/streetmodaopt/public_html/admin/view/template/module/imagemanager.tpl on line 33
2017-02-28 12:35:36 - PHP Notice:  Undefined variable: current_language in /home/streetmodaopt/public_html/admin/view/template/module/imagemanager.tpl on line 33
2017-02-28 12:35:36 - PHP Notice:  Undefined variable: current_language in /home/streetmodaopt/public_html/admin/view/template/module/imagemanager.tpl on line 33
2017-02-28 12:35:36 - PHP Notice:  Undefined variable: current_language in /home/streetmodaopt/public_html/admin/view/template/module/imagemanager.tpl on line 33
2017-02-28 12:35:36 - PHP Notice:  Undefined variable: current_language in /home/streetmodaopt/public_html/admin/view/template/module/imagemanager.tpl on line 33
2017-02-28 12:35:36 - PHP Notice:  Undefined variable: current_language in /home/streetmodaopt/public_html/admin/view/template/module/imagemanager.tpl on line 33
2017-02-28 12:35:36 - PHP Notice:  Undefined variable: current_language in /home/streetmodaopt/public_html/admin/view/template/module/imagemanager.tpl on line 33
2017-02-28 12:35:36 - PHP Notice:  Undefined variable: current_language in /home/streetmodaopt/public_html/admin/view/template/module/imagemanager.tpl on line 33
2017-02-28 12:35:36 - PHP Notice:  Undefined variable: current_language in /home/streetmodaopt/public_html/admin/view/template/module/imagemanager.tpl on line 33
2017-02-28 12:35:36 - PHP Notice:  Undefined variable: current_language in /home/streetmodaopt/public_html/admin/view/template/module/imagemanager.tpl on line 33
2017-02-28 12:35:36 - PHP Notice:  Undefined variable: current_language in /home/streetmodaopt/public_html/admin/view/template/module/imagemanager.tpl on line 33
2017-02-28 12:35:36 - PHP Notice:  Undefined variable: current_language in /home/streetmodaopt/public_html/admin/view/template/module/imagemanager.tpl on line 33
2017-02-28 12:35:36 - PHP Notice:  Undefined variable: current_language in /home/streetmodaopt/public_html/admin/view/template/module/imagemanager.tpl on line 33
2017-02-28 12:35:36 - PHP Notice:  Undefined variable: current_language in /home/streetmodaopt/public_html/admin/view/template/module/imagemanager.tpl on line 33
2017-02-28 12:35:36 - PHP Notice:  Undefined variable: current_language in /home/streetmodaopt/public_html/admin/view/template/module/imagemanager.tpl on line 33
2017-02-28 12:35:36 - PHP Notice:  Undefined variable: current_language in /home/streetmodaopt/public_html/admin/view/template/module/imagemanager.tpl on line 33
2017-02-28 12:35:36 - PHP Notice:  Undefined variable: current_language in /home/streetmodaopt/public_html/admin/view/template/module/imagemanager.tpl on line 33
2017-02-28 12:35:36 - PHP Notice:  Undefined variable: current_language in /home/streetmodaopt/public_html/admin/view/template/module/imagemanager.tpl on line 33
2017-02-28 12:35:36 - PHP Notice:  Undefined variable: current_language in /home/streetmodaopt/public_html/admin/view/template/module/imagemanager.tpl on line 33
2017-02-28 12:35:36 - PHP Notice:  Undefined variable: current_language in /home/streetmodaopt/public_html/admin/view/template/module/imagemanager.tpl on line 33
2017-02-28 12:35:36 - PHP Notice:  Undefined variable: current_language in /home/streetmodaopt/public_html/admin/view/template/module/imagemanager.tpl on line 33
2017-02-28 12:35:36 - PHP Notice:  Undefined variable: current_language in /home/streetmodaopt/public_html/admin/view/template/module/imagemanager.tpl on line 33
2017-02-28 12:35:36 - PHP Notice:  Undefined variable: current_language in /home/streetmodaopt/public_html/admin/view/template/module/imagemanager.tpl on line 33
2017-03-27 13:46:10 - PHP Warning:  array_search() expects parameter 2 to be array, boolean given in /home/streetmodaopt/public_html/catalog/view/theme/streetmoda/template/product/category.tpl on line 86
2017-03-27 13:46:10 - PHP Warning:  array_search() expects parameter 2 to be array, boolean given in /home/streetmodaopt/public_html/catalog/view/theme/streetmoda/template/product/category.tpl on line 86
2017-03-27 13:47:42 - PHP Warning:  array_search() expects parameter 2 to be array, boolean given in /home/streetmodaopt/public_html/catalog/view/theme/streetmoda/template/product/category.tpl on line 86
2017-03-27 13:47:42 - PHP Warning:  array_search() expects parameter 2 to be array, boolean given in /home/streetmodaopt/public_html/catalog/view/theme/streetmoda/template/product/category.tpl on line 86
2017-03-31 3:25:47 - PHP Warning:  unlink(/home/streetmodaopt/public_html/system/storage/cache/cache.category.seopath.1490878447): No such file or directory in /home/streetmodaopt/public_html/system/library/cache/file.php on line 17
2017-03-31 3:25:47 - PHP Warning:  session_start(): Cannot send session cookie - headers already sent by (output started at /home/streetmodaopt/public_html/index.php:99) in /home/streetmodaopt/public_html/system/library/session.php on line 21
2017-03-31 3:25:47 - PHP Warning:  session_start(): Cannot send session cache limiter - headers already sent (output started at /home/streetmodaopt/public_html/index.php:99) in /home/streetmodaopt/public_html/system/library/session.php on line 21
2017-03-31 3:25:47 - PHP Warning:  Cannot modify header information - headers already sent by (output started at /home/streetmodaopt/public_html/index.php:99) in /home/streetmodaopt/public_html/index.php on line 186
2017-03-31 3:25:47 - PHP Warning:  Cannot modify header information - headers already sent by (output started at /home/streetmodaopt/public_html/index.php:99) in /home/streetmodaopt/public_html/system/library/currency.php on line 45
2017-04-06 16:27:35 - PHP Warning:  session_start(): open(/tmp/sess_o4bb6p67nss2643tp71eb5vfq0, O_RDWR) failed: No such file or directory (2) in /var/www/vhosts/3331141.xeovo.ml/public_html/streetmoda/system/library/session.php on line 21
2017-05-03 17:25:52 - PHP Notice:  Error: Could not load template C:/Server/domains/bars.loc/public_html/catalog/view/theme/default/template/module/category_main_page.tpl! in C:\Server\domains\bars.loc\public_html\system\engine\loader.php on line 86
2017-05-03 17:27:48 - PHP Warning:  array_search() expects parameter 2 to be array, boolean given in C:\Server\domains\bars.loc\public_html\catalog\view\theme\bars\template\product\category.tpl on line 86
2017-05-03 17:27:48 - PHP Warning:  array_search() expects parameter 2 to be array, boolean given in C:\Server\domains\bars.loc\public_html\catalog\view\theme\bars\template\product\category.tpl on line 86
2017-05-03 17:28:22 - PHP Warning:  array_search() expects parameter 2 to be array, boolean given in C:\Server\domains\bars.loc\public_html\catalog\view\theme\bars\template\product\category.tpl on line 86
2017-05-03 17:28:22 - PHP Warning:  array_search() expects parameter 2 to be array, boolean given in C:\Server\domains\bars.loc\public_html\catalog\view\theme\bars\template\product\category.tpl on line 86
2017-05-03 17:29:07 - PHP Warning:  array_search() expects parameter 2 to be array, boolean given in C:\Server\domains\bars.loc\public_html\catalog\view\theme\bars\template\product\category.tpl on line 86
2017-05-03 17:29:07 - PHP Warning:  array_search() expects parameter 2 to be array, boolean given in C:\Server\domains\bars.loc\public_html\catalog\view\theme\bars\template\product\category.tpl on line 86
2017-05-03 17:30:05 - PHP Warning:  array_search() expects parameter 2 to be array, boolean given in C:\Server\domains\bars.loc\public_html\catalog\view\theme\bars\template\product\category.tpl on line 86
2017-05-03 17:30:05 - PHP Warning:  array_search() expects parameter 2 to be array, boolean given in C:\Server\domains\bars.loc\public_html\catalog\view\theme\bars\template\product\category.tpl on line 86
2017-05-03 17:30:19 - PHP Warning:  array_search() expects parameter 2 to be array, boolean given in C:\Server\domains\bars.loc\public_html\catalog\view\theme\bars\template\product\category.tpl on line 86
2017-05-03 17:30:19 - PHP Warning:  array_search() expects parameter 2 to be array, boolean given in C:\Server\domains\bars.loc\public_html\catalog\view\theme\bars\template\product\category.tpl on line 86
2017-05-03 17:31:07 - PHP Warning:  array_search() expects parameter 2 to be array, boolean given in C:\Server\domains\bars.loc\public_html\catalog\view\theme\bars\template\product\category.tpl on line 86
2017-05-03 17:31:07 - PHP Warning:  array_search() expects parameter 2 to be array, boolean given in C:\Server\domains\bars.loc\public_html\catalog\view\theme\bars\template\product\category.tpl on line 86
2017-05-03 17:33:15 - PHP Warning:  array_search() expects parameter 2 to be array, boolean given in C:\Server\domains\bars.loc\public_html\catalog\view\theme\bars\template\product\category.tpl on line 86
2017-05-03 17:33:15 - PHP Warning:  array_search() expects parameter 2 to be array, boolean given in C:\Server\domains\bars.loc\public_html\catalog\view\theme\bars\template\product\category.tpl on line 86
2017-05-03 17:33:23 - PHP Warning:  array_search() expects parameter 2 to be array, boolean given in C:\Server\domains\bars.loc\public_html\catalog\view\theme\bars\template\product\category.tpl on line 86
2017-05-03 17:33:23 - PHP Warning:  array_search() expects parameter 2 to be array, boolean given in C:\Server\domains\bars.loc\public_html\catalog\view\theme\bars\template\product\category.tpl on line 86
2017-05-03 17:41:43 - PHP Notice:  Undefined variable: whatsapp in C:\Server\domains\bars.loc\public_html\catalog\view\theme\streetmoda\template\common\footer.tpl on line 14
2017-05-03 17:41:43 - PHP Notice:  Undefined variable: viber in C:\Server\domains\bars.loc\public_html\catalog\view\theme\streetmoda\template\common\footer.tpl on line 15
2017-05-03 17:41:43 - PHP Notice:  Undefined variable: man_clothes in C:\Server\domains\bars.loc\public_html\catalog\view\theme\streetmoda\template\common\footer.tpl on line 26
2017-05-03 17:41:43 - PHP Notice:  Undefined variable: women_clothes in C:\Server\domains\bars.loc\public_html\catalog\view\theme\streetmoda\template\common\footer.tpl on line 29
2017-05-03 17:41:43 - PHP Notice:  Undefined variable: accessories in C:\Server\domains\bars.loc\public_html\catalog\view\theme\streetmoda\template\common\footer.tpl on line 32
2017-05-03 17:41:43 - PHP Notice:  Undefined variable: about_product in C:\Server\domains\bars.loc\public_html\catalog\view\theme\streetmoda\template\common\footer.tpl on line 39
2017-05-03 17:41:43 - PHP Notice:  Undefined variable: order_specifications in C:\Server\domains\bars.loc\public_html\catalog\view\theme\streetmoda\template\common\footer.tpl on line 42
2017-05-03 17:41:43 - PHP Notice:  Undefined variable: delivery in C:\Server\domains\bars.loc\public_html\catalog\view\theme\streetmoda\template\common\footer.tpl on line 45
2017-05-03 17:41:43 - PHP Notice:  Undefined variable: payment in C:\Server\domains\bars.loc\public_html\catalog\view\theme\streetmoda\template\common\footer.tpl on line 48
2017-05-03 17:41:43 - PHP Notice:  Undefined variable: manufacturers in C:\Server\domains\bars.loc\public_html\catalog\view\theme\streetmoda\template\common\footer.tpl on line 57
2017-05-03 17:41:43 - PHP Notice:  Undefined variable: about_product in C:\Server\domains\bars.loc\public_html\catalog\view\theme\streetmoda\template\common\header.tpl on line 138
2017-05-03 17:41:43 - PHP Notice:  Undefined variable: order_specifications in C:\Server\domains\bars.loc\public_html\catalog\view\theme\streetmoda\template\common\header.tpl on line 141
2017-05-03 17:41:43 - PHP Notice:  Undefined variable: whatsapp in C:\Server\domains\bars.loc\public_html\catalog\view\theme\streetmoda\template\common\header.tpl on line 234
2017-05-03 17:41:43 - PHP Notice:  Undefined variable: viber in C:\Server\domains\bars.loc\public_html\catalog\view\theme\streetmoda\template\common\header.tpl on line 235
2017-05-03 17:41:43 - PHP Notice:  Undefined variable: man_clothes in C:\Server\domains\bars.loc\public_html\catalog\view\theme\streetmoda\template\common\header.tpl on line 245
2017-05-03 17:41:43 - PHP Notice:  Undefined variable: women_clothes in C:\Server\domains\bars.loc\public_html\catalog\view\theme\streetmoda\template\common\header.tpl on line 248
2017-05-03 17:41:43 - PHP Notice:  Undefined variable: accessories in C:\Server\domains\bars.loc\public_html\catalog\view\theme\streetmoda\template\common\header.tpl on line 251
2017-05-03 17:42:16 - PHP Notice:  Undefined variable: whatsapp in C:\Server\domains\bars.loc\public_html\catalog\view\theme\streetmoda\template\common\footer.tpl on line 14
2017-05-03 17:42:16 - PHP Notice:  Undefined variable: viber in C:\Server\domains\bars.loc\public_html\catalog\view\theme\streetmoda\template\common\footer.tpl on line 15
2017-05-03 17:42:16 - PHP Notice:  Undefined variable: man_clothes in C:\Server\domains\bars.loc\public_html\catalog\view\theme\streetmoda\template\common\footer.tpl on line 26
2017-05-03 17:42:16 - PHP Notice:  Undefined variable: women_clothes in C:\Server\domains\bars.loc\public_html\catalog\view\theme\streetmoda\template\common\footer.tpl on line 29
2017-05-03 17:42:16 - PHP Notice:  Undefined variable: accessories in C:\Server\domains\bars.loc\public_html\catalog\view\theme\streetmoda\template\common\footer.tpl on line 32
2017-05-03 17:42:16 - PHP Notice:  Undefined variable: about_product in C:\Server\domains\bars.loc\public_html\catalog\view\theme\streetmoda\template\common\footer.tpl on line 39
2017-05-03 17:42:16 - PHP Notice:  Undefined variable: order_specifications in C:\Server\domains\bars.loc\public_html\catalog\view\theme\streetmoda\template\common\footer.tpl on line 42
2017-05-03 17:42:16 - PHP Notice:  Undefined variable: delivery in C:\Server\domains\bars.loc\public_html\catalog\view\theme\streetmoda\template\common\footer.tpl on line 45
2017-05-03 17:42:16 - PHP Notice:  Undefined variable: payment in C:\Server\domains\bars.loc\public_html\catalog\view\theme\streetmoda\template\common\footer.tpl on line 48
2017-05-03 17:42:16 - PHP Notice:  Undefined variable: manufacturers in C:\Server\domains\bars.loc\public_html\catalog\view\theme\streetmoda\template\common\footer.tpl on line 57
2017-05-03 17:42:16 - PHP Notice:  Undefined variable: about_product in C:\Server\domains\bars.loc\public_html\catalog\view\theme\streetmoda\template\common\header.tpl on line 138
2017-05-03 17:42:16 - PHP Notice:  Undefined variable: order_specifications in C:\Server\domains\bars.loc\public_html\catalog\view\theme\streetmoda\template\common\header.tpl on line 141
2017-05-03 17:42:16 - PHP Notice:  Undefined variable: whatsapp in C:\Server\domains\bars.loc\public_html\catalog\view\theme\streetmoda\template\common\header.tpl on line 234
2017-05-03 17:42:16 - PHP Notice:  Undefined variable: viber in C:\Server\domains\bars.loc\public_html\catalog\view\theme\streetmoda\template\common\header.tpl on line 235
2017-05-03 17:42:16 - PHP Notice:  Undefined variable: man_clothes in C:\Server\domains\bars.loc\public_html\catalog\view\theme\streetmoda\template\common\header.tpl on line 245
2017-05-03 17:42:16 - PHP Notice:  Undefined variable: women_clothes in C:\Server\domains\bars.loc\public_html\catalog\view\theme\streetmoda\template\common\header.tpl on line 248
2017-05-03 17:42:16 - PHP Notice:  Undefined variable: accessories in C:\Server\domains\bars.loc\public_html\catalog\view\theme\streetmoda\template\common\header.tpl on line 251
2017-05-03 17:51:00 - PHP Notice:  Undefined variable: whatsapp in C:\Server\domains\bars.loc\public_html\catalog\view\theme\streetmoda\template\common\footer.tpl on line 14
2017-05-03 17:51:00 - PHP Notice:  Undefined variable: viber in C:\Server\domains\bars.loc\public_html\catalog\view\theme\streetmoda\template\common\footer.tpl on line 15
2017-05-03 17:51:00 - PHP Notice:  Undefined variable: man_clothes in C:\Server\domains\bars.loc\public_html\catalog\view\theme\streetmoda\template\common\footer.tpl on line 26
2017-05-03 17:51:00 - PHP Notice:  Undefined variable: women_clothes in C:\Server\domains\bars.loc\public_html\catalog\view\theme\streetmoda\template\common\footer.tpl on line 29
2017-05-03 17:51:00 - PHP Notice:  Undefined variable: accessories in C:\Server\domains\bars.loc\public_html\catalog\view\theme\streetmoda\template\common\footer.tpl on line 32
2017-05-03 17:51:00 - PHP Notice:  Undefined variable: about_product in C:\Server\domains\bars.loc\public_html\catalog\view\theme\streetmoda\template\common\footer.tpl on line 39
2017-05-03 17:51:00 - PHP Notice:  Undefined variable: order_specifications in C:\Server\domains\bars.loc\public_html\catalog\view\theme\streetmoda\template\common\footer.tpl on line 42
2017-05-03 17:51:00 - PHP Notice:  Undefined variable: delivery in C:\Server\domains\bars.loc\public_html\catalog\view\theme\streetmoda\template\common\footer.tpl on line 45
2017-05-03 17:51:00 - PHP Notice:  Undefined variable: payment in C:\Server\domains\bars.loc\public_html\catalog\view\theme\streetmoda\template\common\footer.tpl on line 48
2017-05-03 17:51:00 - PHP Notice:  Undefined variable: manufacturers in C:\Server\domains\bars.loc\public_html\catalog\view\theme\streetmoda\template\common\footer.tpl on line 57
2017-05-03 17:51:00 - PHP Notice:  Undefined variable: about_product in C:\Server\domains\bars.loc\public_html\catalog\view\theme\streetmoda\template\common\header.tpl on line 138
2017-05-03 17:51:00 - PHP Notice:  Undefined variable: order_specifications in C:\Server\domains\bars.loc\public_html\catalog\view\theme\streetmoda\template\common\header.tpl on line 141
2017-05-03 17:51:00 - PHP Notice:  Undefined variable: whatsapp in C:\Server\domains\bars.loc\public_html\catalog\view\theme\streetmoda\template\common\header.tpl on line 234
2017-05-03 17:51:00 - PHP Notice:  Undefined variable: viber in C:\Server\domains\bars.loc\public_html\catalog\view\theme\streetmoda\template\common\header.tpl on line 235
2017-05-03 17:51:00 - PHP Notice:  Undefined variable: man_clothes in C:\Server\domains\bars.loc\public_html\catalog\view\theme\streetmoda\template\common\header.tpl on line 245
2017-05-03 17:51:00 - PHP Notice:  Undefined variable: women_clothes in C:\Server\domains\bars.loc\public_html\catalog\view\theme\streetmoda\template\common\header.tpl on line 248
2017-05-03 17:51:00 - PHP Notice:  Undefined variable: accessories in C:\Server\domains\bars.loc\public_html\catalog\view\theme\streetmoda\template\common\header.tpl on line 251
